Base path: F:/UNITY/Editor/Data
Pipe name: \\.\pipe\UnityShaderCompiler-64bit-4-7520
Cmd: getPlatforms
Cmd: compileSnippet
  api=9 type=0 insize=982 outsize=9546 kw=DIRECTIONAL SHADOWS_SCREEN SHADOWS_NATIVE LIGHTMAP_OFF DIRLIGHTMAP_OFF DYNAMICLIGHTMAP_OFF VERTEXLIGHT_ON _ALPHAPREMULTIPLY_ON ok=1
Cmd: compileSnippet
  api=9 type=0 insize=938 outsize=7104 kw=POINT_COOKIE SHADOWS_OFF _ALPHAPREMULTIPLY_ON ok=1
Cmd: compileSnippet
  api=9 type=0 insize=938 outsize=7974 kw=SPOT SHADOWS_DEPTH SHADOWS_NATIVE _ALPHAPREMULTIPLY_ON ok=1
Cmd: compileSnippet
  api=9 type=0 insize=938 outsize=8807 kw=POINT SHADOWS_CUBE SHADOWS_SOFT _ALPHAPREMULTIPLY_ON ok=1
Cmd: compileSnippet
  api=9 type=0 insize=751 outsize=2602 kw=SHADOWS_DEPTH _ALPHAPREMULTIPLY_ON ok=1
Cmd: compileSnippet
  api=5 type=0 insize=886 outsize=8016 kw=DIRECTIONAL SHADOWS_OFF LIGHTMAP_OFF DIRLIGHTMAP_OFF DYNAMICLIGHTMAP_OFF VERTEXLIGHT_ON _ALPHAPREMULTIPLY_ON ok=1
Cmd: compileSnippet
  api=5 type=0 insize=886 outsize=7398 kw=DIRECTIONAL SHADOWS_SCREEN SHADOWS_NATIVE LIGHTMAP_OFF DIRLIGHTMAP_OFF DYNAMICLIGHTMAP_OFF _ALPHAPREMULTIPLY_ON ok=1
Cmd: compileSnippet
  api=9 type=0 insize=816 outsize=5982 kw=DIRECTIONAL SHADOWS_OFF _ALPHAPREMULTIPLY_ON ok=1
Cmd: compileSnippet
  api=9 type=0 insize=816 outsize=6993 kw=SPOT SHADOWS_OFF _ALPHAPREMULTIPLY_ON ok=1
Cmd: compileSnippet
  api=9 type=0 insize=816 outsize=6405 kw=DIRECTIONAL_COOKIE SHADOWS_OFF _ALPHAPREMULTIPLY_ON ok=1
Cmd: compileSnippet
  api=9 type=0 insize=816 outsize=7645 kw=SPOT SHADOWS_DEPTH SHADOWS_NATIVE _ALPHAPREMULTIPLY_ON ok=1
Cmd: compileSnippet
  api=5 type=0 insize=816 outsize=7598 kw=POINT_COOKIE SHADOWS_CUBE _ALPHAPREMULTIPLY_ON ok=1
Cmd: compileSnippet
  api=9 type=0 insize=816 outsize=7202 kw=DIRECTIONAL_COOKIE SHADOWS_SCREEN SHADOWS_NATIVE _ALPHAPREMULTIPLY_ON ok=1
Cmd: compileSnippet
  api=5 type=0 insize=600 outsize=2560 kw=SHADOWS_DEPTH _ALPHAPREMULTIPLY_ON ok=1
Cmd: compileSnippet
  api=9 type=0 insize=530 outsize=3696 kw= ok=1
Cmd: compileSnippet
  api=9 type=1 insize=938 outsize=7 kw=DIRECTIONAL SHADOWS_OFF _ALPHAPREMULTIPLY_ON ok=1
Cmd: compileSnippet
  api=9 type=1 insize=938 outsize=7 kw=SPOT SHADOWS_DEPTH SHADOWS_NATIVE _ALPHAPREMULTIPLY_ON ok=1
Cmd: compileSnippet
  api=9 type=1 insize=938 outsize=7 kw=POINT SHADOWS_CUBE SHADOWS_SOFT _ALPHAPREMULTIPLY_ON ok=1
Cmd: compileSnippet
  api=9 type=1 insize=751 outsize=7 kw=SHADOWS_CUBE _ALPHAPREMULTIPLY_ON ok=1
Cmd: compileSnippet
  api=9 type=1 insize=1152 outsize=7 kw=LIGHTMAP_OFF DIRLIGHTMAP_OFF DYNAMICLIGHTMAP_OFF UNITY_HDR_ON _ALPHAPREMULTIPLY_ON ok=1
Cmd: compileSnippet
  api=9 type=1 insize=886 outsize=7 kw=DIRECTIONAL SHADOWS_OFF LIGHTMAP_OFF DIRLIGHTMAP_OFF DYNAMICLIGHTMAP_OFF _ALPHAPREMULTIPLY_ON ok=1
Cmd: compileSnippet
  api=5 type=1 insize=816 outsize=6 kw=DIRECTIONAL SHADOWS_OFF _ALPHAPREMULTIPLY_ON ok=1
Cmd: compileSnippet
  api=5 type=1 insize=816 outsize=6 kw=POINT_COOKIE SHADOWS_OFF _ALPHAPREMULTIPLY_ON ok=1
Cmd: compileSnippet
  api=5 type=1 insize=816 outsize=6 kw=SPOT SHADOWS_DEPTH SHADOWS_NONATIVE _ALPHAPREMULTIPLY_ON ok=1
Cmd: compileSnippet
  api=5 type=1 insize=816 outsize=6 kw=DIRECTIONAL_COOKIE SHADOWS_SCREEN _ALPHAPREMULTIPLY_ON ok=1
Cmd: compileSnippet
  api=9 type=1 insize=816 outsize=7 kw=POINT_COOKIE SHADOWS_CUBE _ALPHAPREMULTIPLY_ON ok=1
Cmd: compileSnippet
  api=9 type=1 insize=816 outsize=7 kw=DIRECTIONAL_COOKIE SHADOWS_SCREEN SHADOWS_NATIVE _ALPHAPREMULTIPLY_ON ok=1
Cmd: compileSnippet
  api=9 type=1 insize=600 outsize=7 kw=SHADOWS_CUBE _ALPHAPREMULTIPLY_ON ok=1
Cmd: compileSnippet
  api=9 type=1 insize=955 outsize=7 kw= ok=1
Cmd: compileSnippet
  api=9 type=1 insize=954 outsize=7 kw= ok=1
Cmd: compileSnippet
  api=9 type=1 insize=1113 outsize=7 kw= ok=1
Cmd: compileSnippet
  api=9 type=1 insize=3198 outsize=7 kw= ok=1
Cmd: compileSnippet
  api=9 type=1 insize=3195 outsize=7 kw= ok=1
Cmd: compileSnippet
  api=9 type=1 insize=3211 outsize=7 kw= ok=1
Cmd: compileSnippet
  api=9 type=1 insize=3203 outsize=7 kw= ok=1
Cmd: compileSnippet
  api=9 type=0 insize=3200 outsize=1063 kw= ok=1
Cmd: compileSnippet
  api=9 type=0 insize=3197 outsize=628 kw= ok=1
Cmd: compileSnippet
  api=9 type=0 insize=3201 outsize=851 kw= ok=1
Cmd: compileSnippet
  api=9 type=0 insize=3196 outsize=787 kw= ok=1
Cmd: compileSnippet
  api=9 type=0 insize=19214 outsize=1125 kw= ok=1
Cmd: compileSnippet
  api=9 type=0 insize=19220 outsize=4202 kw= ok=1
Cmd: compileSnippet
  api=9 type=0 insize=19223 outsize=5828 kw= ok=1
Cmd: compileSnippet
  api=9 type=0 insize=19202 outsize=781 kw= ok=1
Cmd: compileSnippet
  api=9 type=1 insize=19218 outsize=7 kw= ok=1
Cmd: compileSnippet
  api=9 type=1 insize=19205 outsize=7 kw= ok=1
Cmd: compileSnippet
  api=9 type=1 insize=19216 outsize=7 kw= ok=1
Cmd: compileSnippet
  api=9 type=0 insize=19222 outsize=1181 kw= ok=1
Cmd: compileSnippet
  api=9 type=1 insize=19215 outsize=7 kw= ok=1
Cmd: compileSnippet
  api=9 type=0 insize=19219 outsize=3196 kw= ok=1
Cmd: compileSnippet
  api=9 type=0 insize=19220 outsize=1083 kw= ok=1
Cmd: compileSnippet
  api=9 type=0 insize=19211 outsize=1488 kw= ok=1
Cmd: compileSnippet
  api=9 type=1 insize=19206 outsize=7 kw= ok=1
Cmd: compileSnippet
  api=9 type=0 insize=19228 outsize=4563 kw= ok=1
Cmd: compileSnippet
  api=9 type=1 insize=19207 outsize=7 kw= ok=1
Cmd: compileSnippet
  api=9 type=0 insize=19225 outsize=766 kw= ok=1
Cmd: compileSnippet
  api=9 type=0 insize=4609 outsize=2250 kw= ok=1
Cmd: compileSnippet
  api=9 type=0 insize=4619 outsize=2614 kw= ok=1
Cmd: compileSnippet
  api=9 type=0 insize=4614 outsize=2367 kw= ok=1
Cmd: compileSnippet
  api=9 type=0 insize=4620 outsize=1958 kw= ok=1
Unhandled exception: Readfile from pipe failed. GLE=The pipe has been ended.


Quitting shader compiler process

Crashed!
