Base path: F:/UNITY/Editor/Data
Pipe name: \\.\pipe\UnityShaderCompiler-64bit-2-4584
Cmd: getPlatforms
Cmd: compileSnippet
  api=9 type=0 insize=982 outsize=8822 kw=DIRECTIONAL SHADOWS_OFF LIGHTMAP_OFF DIRLIGHTMAP_OFF DYNAMICLIGHTMAP_OFF VERTEXLIGHT_ON _ALPHAPREMULTIPLY_ON ok=1
Cmd: compileSnippet
  api=9 type=0 insize=938 outsize=6967 kw=POINT SHADOWS_OFF _ALPHAPREMULTIPLY_ON ok=1
Cmd: compileSnippet
  api=9 type=0 insize=938 outsize=7793 kw=POINT SHADOWS_CUBE _ALPHAPREMULTIPLY_ON ok=1
Cmd: compileSnippet
  api=9 type=0 insize=938 outsize=8944 kw=POINT_COOKIE SHADOWS_CUBE SHADOWS_SOFT _ALPHAPREMULTIPLY_ON ok=1
Cmd: compileSnippet
  api=5 type=0 insize=886 outsize=6628 kw=DIRECTIONAL SHADOWS_OFF LIGHTMAP_OFF DIRLIGHTMAP_OFF DYNAMICLIGHTMAP_OFF _ALPHAPREMULTIPLY_ON ok=1
Cmd: compileSnippet
  api=5 type=0 insize=886 outsize=8671 kw=DIRECTIONAL SHADOWS_SCREEN LIGHTMAP_OFF DIRLIGHTMAP_OFF DYNAMICLIGHTMAP_OFF VERTEXLIGHT_ON _ALPHAPREMULTIPLY_ON ok=1
Cmd: compileSnippet
  api=5 type=0 insize=816 outsize=6658 kw=POINT SHADOWS_OFF _ALPHAPREMULTIPLY_ON ok=1
Cmd: compileSnippet
  api=5 type=0 insize=816 outsize=7016 kw=SPOT SHADOWS_OFF _ALPHAPREMULTIPLY_ON ok=1
Cmd: compileSnippet
  api=5 type=0 insize=816 outsize=7885 kw=SPOT SHADOWS_DEPTH SHADOWS_NONATIVE _ALPHAPREMULTIPLY_ON ok=1
Cmd: compileSnippet
  api=5 type=0 insize=816 outsize=7051 kw=DIRECTIONAL_COOKIE SHADOWS_SCREEN _ALPHAPREMULTIPLY_ON ok=1
Cmd: compileSnippet
  api=9 type=0 insize=816 outsize=7504 kw=POINT_COOKIE SHADOWS_CUBE _ALPHAPREMULTIPLY_ON ok=1
Cmd: compileSnippet
  api=5 type=0 insize=816 outsize=7270 kw=DIRECTIONAL_COOKIE SHADOWS_SCREEN SHADOWS_NATIVE _ALPHAPREMULTIPLY_ON ok=1
Cmd: compileSnippet
  api=9 type=0 insize=600 outsize=1184 kw=SHADOWS_CUBE _ALPHAPREMULTIPLY_ON ok=1
Cmd: compileSnippet
  api=9 type=0 insize=3008 outsize=2863 kw= ok=1
Cmd: compileSnippet
  api=9 type=1 insize=982 outsize=7 kw=DIRECTIONAL SHADOWS_OFF LIGHTMAP_OFF DIRLIGHTMAP_OFF DYNAMICLIGHTMAP_OFF _ALPHAPREMULTIPLY_ON ok=1
Cmd: compileSnippet
  api=9 type=1 insize=938 outsize=7 kw=SPOT SHADOWS_OFF _ALPHAPREMULTIPLY_ON ok=1
Cmd: compileSnippet
  api=9 type=1 insize=938 outsize=7 kw=POINT SHADOWS_CUBE _ALPHAPREMULTIPLY_ON ok=1
Cmd: compileSnippet
  api=9 type=1 insize=938 outsize=7 kw=POINT_COOKIE SHADOWS_CUBE SHADOWS_SOFT _ALPHAPREMULTIPLY_ON ok=1
Cmd: compileSnippet
  api=9 type=0 insize=1152 outsize=6462 kw=LIGHTMAP_OFF DIRLIGHTMAP_OFF DYNAMICLIGHTMAP_OFF _ALPHAPREMULTIPLY_ON ok=1
Cmd: compileSnippet
  api=9 type=1 insize=1152 outsize=7 kw=LIGHTMAP_OFF DIRLIGHTMAP_OFF DYNAMICLIGHTMAP_OFF _ALPHAPREMULTIPLY_ON ok=1
Cmd: compileSnippet
  api=5 type=1 insize=886 outsize=6 kw=DIRECTIONAL SHADOWS_OFF LIGHTMAP_OFF DIRLIGHTMAP_OFF DYNAMICLIGHTMAP_OFF _ALPHAPREMULTIPLY_ON ok=1
Cmd: compileSnippet
  api=9 type=1 insize=886 outsize=7 kw=DIRECTIONAL SHADOWS_SCREEN SHADOWS_NATIVE LIGHTMAP_OFF DIRLIGHTMAP_OFF DYNAMICLIGHTMAP_OFF _ALPHAPREMULTIPLY_ON ok=1
Cmd: compileSnippet
  api=9 type=1 insize=816 outsize=7 kw=DIRECTIONAL SHADOWS_OFF _ALPHAPREMULTIPLY_ON ok=1
Cmd: compileSnippet
  api=9 type=1 insize=816 outsize=7 kw=POINT_COOKIE SHADOWS_OFF _ALPHAPREMULTIPLY_ON ok=1
Cmd: compileSnippet
  api=5 type=1 insize=816 outsize=6 kw=SPOT SHADOWS_DEPTH SHADOWS_NATIVE _ALPHAPREMULTIPLY_ON ok=1
Cmd: compileSnippet
  api=5 type=1 insize=816 outsize=6 kw=POINT SHADOWS_CUBE _ALPHAPREMULTIPLY_ON ok=1
Cmd: compileSnippet
  api=5 type=1 insize=816 outsize=6 kw=DIRECTIONAL SHADOWS_SCREEN SHADOWS_NATIVE _ALPHAPREMULTIPLY_ON ok=1
Cmd: compileSnippet
  api=5 type=1 insize=600 outsize=6 kw=SHADOWS_CUBE _ALPHAPREMULTIPLY_ON ok=1
Cmd: compileSnippet
  api=9 type=0 insize=954 outsize=786 kw= ok=1
Cmd: compileSnippet
  api=9 type=0 insize=1113 outsize=1586 kw= ok=1
Cmd: compileSnippet
  api=9 type=0 insize=3198 outsize=1035 kw= ok=1
Cmd: compileSnippet
  api=9 type=0 insize=3195 outsize=1063 kw= ok=1
Cmd: compileSnippet
  api=9 type=0 insize=3203 outsize=1035 kw= ok=1
Cmd: compileSnippet
  api=9 type=1 insize=3200 outsize=7 kw= ok=1
Cmd: compileSnippet
  api=9 type=1 insize=3212 outsize=7 kw= ok=1
Cmd: compileSnippet
  api=9 type=1 insize=3205 outsize=7 kw= ok=1
Cmd: compileSnippet
  api=9 type=1 insize=3197 outsize=7 kw= ok=1
Cmd: compileSnippet
  api=9 type=1 insize=3201 outsize=7 kw= ok=1
Cmd: compileSnippet
  api=9 type=1 insize=3196 outsize=7 kw= ok=1
Cmd: compileSnippet
  api=9 type=1 insize=19223 outsize=7 kw= ok=1
Cmd: compileSnippet
  api=9 type=0 insize=19218 outsize=1112 kw= ok=1
Cmd: compileSnippet
  api=9 type=0 insize=19205 outsize=2238 kw= ok=1
Cmd: compileSnippet
  api=9 type=1 insize=19212 outsize=7 kw= ok=1
Cmd: compileSnippet
  api=9 type=0 insize=19215 outsize=1255 kw= ok=1
Cmd: compileSnippet
  api=9 type=0 insize=19222 outsize=1262 kw= ok=1
Cmd: compileSnippet
  api=9 type=0 insize=19210 outsize=3885 kw= ok=1
Cmd: compileSnippet
  api=9 type=0 insize=19206 outsize=1333 kw= ok=1
Cmd: compileSnippet
  api=9 type=1 insize=19220 outsize=7 kw= ok=1
Cmd: compileSnippet
  api=9 type=1 insize=19211 outsize=7 kw= ok=1
Cmd: compileSnippet
  api=9 type=0 insize=19210 outsize=5364 kw= ok=1
Cmd: compileSnippet
  api=9 type=0 insize=19219 outsize=4376 kw= ok=1
Cmd: compileSnippet
  api=9 type=0 insize=19207 outsize=811 kw= ok=1
Cmd: compileSnippet
  api=9 type=1 insize=19209 outsize=7 kw= ok=1
Cmd: compileSnippet
  api=9 type=1 insize=19225 outsize=7 kw= ok=1
Cmd: compileSnippet
  api=9 type=1 insize=4605 outsize=7 kw= ok=1
Cmd: compileSnippet
  api=9 type=1 insize=4619 outsize=7 kw= ok=1
Cmd: compileSnippet
  api=9 type=1 insize=4614 outsize=7 kw= ok=1
Cmd: compileSnippet
  api=9 type=1 insize=4620 outsize=7 kw= ok=1
Unhandled exception: Readfile from pipe failed. GLE=The pipe has been ended.


Quitting shader compiler process

Crashed!
